# JRE version: Java(TM) SE Runtime Environment (8.0_161-b12) (build 1.8.0_161-b12)
# Java VM: Java HotSpot(TM) 64-Bit Server VM (25.161-b12 mixed mode windows-amd64 compressed oops)
Heap:
 PSYoungGen      total 76288K, used 18359K [0x000000076ae00000, 0x0000000773200000, 0x00000007c0000000)
  eden space 65536K, 23% used [0x000000076ae00000,0x000000076bd1f698,0x000000076ee00000)
  from space 10752K, 26% used [0x000000076ee00000,0x000000076f0ce5a0,0x000000076f880000)
  to   space 10752K, 0% used [0x0000000772780000,0x0000000772780000,0x0000000773200000)
 ParOldGen       total 88064K, used 8989K [0x00000006c0a00000, 0x00000006c6000000, 0x000000076ae00000)
  object space 88064K, 10% used [0x00000006c0a00000,0x00000006c12c74a0,0x00000006c6000000)
 Metaspace       used 24381K, capacity 24698K, committed 24832K, reserved 1071104K
  class space    used 3167K, capacity 3290K, committed 3328K, reserved 1048576K
GC Heap History (8 events):
Event: 4.324 GC heap before
{Heap before GC invocations=1 (full 0):
 PSYoungGen      total 76288K, used 65536K [0x000000076ae00000, 0x0000000770300000, 0x00000007c0000000)
  eden space 65536K, 100% used [0x000000076ae00000,0x000000076ee00000,0x000000076ee00000)
  from space 10752K, 0% used [0x000000076f880000,0x000000076f880000,0x0000000770300000)
  to   space 10752K, 0% used [0x000000076ee00000,0x000000076ee00000,0x000000076f880000)
 ParOldGen       total 175104K, used 0K [0x00000006c0a00000, 0x00000006cb500000, 0x000000076ae00000)
  object space 175104K, 0% used [0x00000006c0a00000,0x00000006c0a00000,0x00000006cb500000)
 Metaspace       used 19095K, capacity 19328K, committed 19584K, reserved 1067008K
  class space    used 2570K, capacity 2658K, committed 2688K, reserved 1048576K
Event: 4.339 GC heap after
Heap after GC invocations=1 (full 0):
 PSYoungGen      total 76288K, used 10146K [0x000000076ae00000, 0x0000000770300000, 0x00000007c0000000)
  eden space 65536K, 0% used [0x000000076ae00000,0x000000076ae00000,0x000000076ee00000)
  from space 10752K, 94% used [0x000000076ee00000,0x000000076f7e8918,0x000000076f880000)
  to   space 10752K, 0% used [0x000000076f880000,0x000000076f880000,0x0000000770300000)
 ParOldGen       total 175104K, used 27K [0x00000006c0a00000, 0x00000006cb500000, 0x000000076ae00000)
  object space 175104K, 0% used [0x00000006c0a00000,0x00000006c0a06c50,0x00000006cb500000)
 Metaspace       used 19095K, capacity 19328K, committed 19584K, reserved 1067008K
  class space    used 2570K, capacity 2658K, committed 2688K, reserved 1048576K
}
Event: 4.470 GC heap before
{Heap before GC invocations=2 (full 0):
 PSYoungGen      total 76288K, used 28650K [0x000000076ae00000, 0x0000000770300000, 0x00000007c0000000)
  eden space 65536K, 28% used [0x000000076ae00000,0x000000076c011f68,0x000000076ee00000)
  from space 10752K, 94% used [0x000000076ee00000,0x000000076f7e8918,0x000000076f880000)
  to   space 10752K, 0% used [0x000000076f880000,0x000000076f880000,0x0000000770300000)
 ParOldGen       total 175104K, used 27K [0x00000006c0a00000, 0x00000006cb500000, 0x000000076ae00000)
  object space 175104K, 0% used [0x00000006c0a00000,0x00000006c0a06c50,0x00000006cb500000)
 Metaspace       used 20865K, capacity 21088K, committed 21296K, reserved 1067008K
  class space    used 2821K, capacity 2882K, committed 2944K, reserved 1048576K
Event: 4.476 GC heap after
Heap after GC invocations=2 (full 0):
 PSYoungGen      total 76288K, used 9167K [0x000000076ae00000, 0x0000000774300000, 0x00000007c0000000)
  eden space 65536K, 0% used [0x000000076ae00000,0x000000076ae00000,0x000000076ee00000)
  from space 10752K, 85% used [0x000000076f880000,0x0000000770173e08,0x0000000770300000)
  to   space 10752K, 0% used [0x000000076ee00000,0x000000076ee00000,0x000000076f880000)
 ParOldGen       total 175104K, used 43K [0x00000006c0a00000, 0x00000006cb500000, 0x000000076ae00000)
  object space 175104K, 0% used [0x00000006c0a00000,0x00000006c0a0ac50,0x00000006cb500000)
 Metaspace       used 20865K, capacity 21088K, committed 21296K, reserved 1067008K
  class space    used 2821K, capacity 2882K, committed 2944K, reserved 1048576K
}
Event: 4.476 GC heap before
{Heap before GC invocations=3 (full 1):
 PSYoungGen      total 76288K, used 9167K [0x000000076ae00000, 0x0000000774300000, 0x00000007c0000000)
  eden space 65536K, 0% used [0x000000076ae00000,0x000000076ae00000,0x000000076ee00000)
  from space 10752K, 85% used [0x000000076f880000,0x0000000770173e08,0x0000000770300000)
  to   space 10752K, 0% used [0x000000076ee00000,0x000000076ee00000,0x000000076f880000)
 ParOldGen       total 175104K, used 43K [0x00000006c0a00000, 0x00000006cb500000, 0x000000076ae00000)
  object space 175104K, 0% used [0x00000006c0a00000,0x00000006c0a0ac50,0x00000006cb500000)
 Metaspace       used 20865K, capacity 21088K, committed 21296K, reserved 1067008K
  class space    used 2821K, capacity 2882K, committed 2944K, reserved 1048576K
Event: 4.502 GC heap after
Heap after GC invocations=3 (full 1):
 PSYoungGen      total 76288K, used 0K [0x000000076ae00000, 0x0000000774300000, 0x00000007c0000000)
  eden space 65536K, 0% used [0x000000076ae00000,0x000000076ae00000,0x000000076ee00000)
  from space 10752K, 0% used [0x000000076f880000,0x000000076f880000,0x0000000770300000)
  to   space 10752K, 0% used [0x000000076ee00000,0x000000076ee00000,0x000000076f880000)
 ParOldGen       total 88064K, used 8981K [0x00000006c0a00000, 0x00000006c6000000, 0x000000076ae00000)
  object space 88064K, 10% used [0x00000006c0a00000,0x00000006c12c54a0,0x00000006c6000000)
 Metaspace       used 20865K, capacity 21088K, committed 21296K, reserved 1067008K
  class space    used 2821K, capacity 2882K, committed 2944K, reserved 1048576K
}
Event: 2800.278 GC heap before
{Heap before GC invocations=4 (full 1):
 PSYoungGen      total 76288K, used 65536K [0x000000076ae00000, 0x0000000774300000, 0x00000007c0000000)
  eden space 65536K, 100% used [0x000000076ae00000,0x000000076ee00000,0x000000076ee00000)
  from space 10752K, 0% used [0x000000076f880000,0x000000076f880000,0x0000000770300000)
  to   space 10752K, 0% used [0x000000076ee00000,0x000000076ee00000,0x000000076f880000)
 ParOldGen       total 88064K, used 8981K [0x00000006c0a00000, 0x00000006c6000000, 0x000000076ae00000)
  object space 88064K, 10% used [0x00000006c0a00000,0x00000006c12c54a0,0x00000006c6000000)
 Metaspace       used 24380K, capacity 24698K, committed 24832K, reserved 1071104K
  class space    used 3167K, capacity 3290K, committed 3328K, reserved 1048576K
Event: 2800.301 GC heap after
Heap after GC invocations=4 (full 1):
 PSYoungGen      total 76288K, used 2873K [0x000000076ae00000, 0x0000000773200000, 0x00000007c0000000)
  eden space 65536K, 0% used [0x000000076ae00000,0x000000076ae00000,0x000000076ee00000)
  from space 10752K, 26% used [0x000000076ee00000,0x000000076f0ce5a0,0x000000076f880000)
  to   space 10752K, 0% used [0x0000000772780000,0x0000000772780000,0x0000000773200000)
 ParOldGen       total 88064K, used 8989K [0x00000006c0a00000, 0x00000006c6000000, 0x000000076ae00000)
  object space 88064K, 10% used [0x00000006c0a00000,0x00000006c12c74a0,0x00000006c6000000)
 Metaspace       used 24380K, capacity 24698K, committed 24832K, reserved 1071104K
  class space    used 3167K, capacity 3290K, committed 3328K, reserved 1048576K
}

